<?xml version="1.0" encoding="UTF-8"?>
<testng-results skipped="0" failed="0" ignored="0" total="6" passed="6">
  <reporter-output>
  </reporter-output>
  <suite name="Default suite" duration-ms="18729" started-at="2018-06-27T05:21:50Z" finished-at="2018-06-27T05:22:09Z">
    <groups>
    </groups>
    <test name="Default test" duration-ms="18729" started-at="2018-06-27T05:21:50Z" finished-at="2018-06-27T05:22:09Z">
      <class name="testClasses.TatocBasic">
        <test-method status="PASS" signature="initVars()[pri:0, instance:testClasses.TatocBasic@5e5792a0]" name="initVars" is-config="true" duration-ms="8923" started-at="2018-06-27T05:21:50Z" finished-at="2018-06-27T05:21:59Z">
          <reporter-output>
          </reporter-output>
        </test-method> <!-- initVars -->
        <test-method status="PASS" signature="Step01_Launch_HomePage()[pri:0, instance:testClasses.TatocBasic@5e5792a0]" name="Step01_Launch_HomePage" duration-ms="1375" started-at="2018-06-27T05:21:59Z" finished-at="2018-06-27T05:22:01Z">
          <reporter-output>
          </reporter-output>
        </test-method> <!-- Step01_Launch_HomePage -->
        <test-method status="PASS" signature="Step02_Launch_GridGatePage()[pri:0, instance:testClasses.TatocBasic@5e5792a0]" name="Step02_Launch_GridGatePage" duration-ms="697" started-at="2018-06-27T05:22:01Z" depends-on-methods="testClasses.TatocBasic.Step01_Launch_HomePage" finished-at="2018-06-27T05:22:01Z">
          <reporter-output>
          </reporter-output>
        </test-method> <!-- Step02_Launch_GridGatePage -->
        <test-method status="PASS" signature="Step03_Launch_FrameDungeonPage()[pri:0, instance:testClasses.TatocBasic@5e5792a0]" name="Step03_Launch_FrameDungeonPage" duration-ms="2650" started-at="2018-06-27T05:22:01Z" depends-on-methods="testClasses.TatocBasic.Step02_Launch_GridGatePage" finished-at="2018-06-27T05:22:04Z">
          <reporter-output>
          </reporter-output>
        </test-method> <!-- Step03_Launch_FrameDungeonPage -->
        <test-method status="PASS" signature="Step04_Launch_DragAround()[pri:0, instance:testClasses.TatocBasic@5e5792a0]" name="Step04_Launch_DragAround" duration-ms="1157" started-at="2018-06-27T05:22:04Z" depends-on-methods="testClasses.TatocBasic.Step03_Launch_FrameDungeonPage" finished-at="2018-06-27T05:22:05Z">
          <reporter-output>
          </reporter-output>
        </test-method> <!-- Step04_Launch_DragAround -->
        <test-method status="PASS" signature="Step05_Launch_PopupWindows()[pri:0, instance:testClasses.TatocBasic@5e5792a0]" name="Step05_Launch_PopupWindows" duration-ms="2521" started-at="2018-06-27T05:22:05Z" depends-on-methods="testClasses.TatocBasic.Step04_Launch_DragAround" finished-at="2018-06-27T05:22:08Z">
          <reporter-output>
          </reporter-output>
        </test-method> <!-- Step05_Launch_PopupWindows -->
        <test-method status="PASS" signature="Step06_Launch_CookieHandling()[pri:0, instance:testClasses.TatocBasic@5e5792a0]" name="Step06_Launch_CookieHandling" duration-ms="1125" started-at="2018-06-27T05:22:08Z" depends-on-methods="testClasses.TatocBasic.Step05_Launch_PopupWindows" finished-at="2018-06-27T05:22:09Z">
          <reporter-output>
          </reporter-output>
        </test-method> <!-- Step06_Launch_CookieHandling -->
        <test-method status="PASS" signature="closeBrowser()[pri:0, instance:testClasses.TatocBasic@5e5792a0]" name="closeBrowser" is-config="true" duration-ms="189" started-at="2018-06-27T05:22:09Z" finished-at="2018-06-27T05:22:09Z">
          <reporter-output>
          </reporter-output>
        </test-method> <!-- closeBrowser -->
      </class> <!-- testClasses.TatocBasic -->
    </test> <!-- Default test -->
  </suite> <!-- Default suite -->
</testng-results>
